0 info it worked if it ends with ok
1 verbose cli [ '/usr/bin/node', '/usr/bin/npm', 'run', 'build' ]
2 info using npm@3.5.2
3 info using node@v8.10.0
4 verbose run-script [ 'prebuild', 'build', 'postbuild' ]
5 info lifecycle bigblue_web@1.0.0~prebuild: bigblue_web@1.0.0
6 silly lifecycle bigblue_web@1.0.0~prebuild: no script for prebuild, continuing
7 info lifecycle bigblue_web@1.0.0~build: bigblue_web@1.0.0
8 verbose lifecycle bigblue_web@1.0.0~build: unsafe-perm in lifecycle true
9 verbose lifecycle bigblue_web@1.0.0~build: PATH: /usr/share/npm/bin/node-gyp-bin:/home/zwy/BaseTensorRT/4.8-TrtSever/web/node_modules/.bin:/home/zwy/.vscode-server/bin/d045a5eda657f4d7b676dedbfa7aab8207f8a075/bin/remote-cli:/home/zwy/anaconda3/bin:/home/zwy/anaconda3/condabin:/usr/local/sbin:/usr/local/bin:/usr/sbin:/usr/bin:/sbin:/bin:/usr/games:/usr/local/games:/snap/bin:/usr/local/cuda/bin:/usr/local/cuda/bin:node-v12.4.0-linux-x64/bin
10 verbose lifecycle bigblue_web@1.0.0~build: CWD: /home/zwy/BaseTensorRT/4.8-TrtSever/web
11 silly lifecycle bigblue_web@1.0.0~build: Args: [ '-c', 'node build/build.js' ]
12 silly lifecycle bigblue_web@1.0.0~build: Returned: code: 1  signal: null
13 info lifecycle bigblue_web@1.0.0~build: Failed to exec build script
14 verbose stack Error: bigblue_web@1.0.0 build: `node build/build.js`
14 verbose stack Exit status 1
14 verbose stack     at EventEmitter.<anonymous> (/usr/share/npm/lib/utils/lifecycle.js:232:16)
14 verbose stack     at emitTwo (events.js:126:13)
14 verbose stack     at EventEmitter.emit (events.js:214:7)
14 verbose stack     at ChildProcess.<anonymous> (/usr/share/npm/lib/utils/spawn.js:24:14)
14 verbose stack     at emitTwo (events.js:126:13)
14 verbose stack     at ChildProcess.emit (events.js:214:7)
14 verbose stack     at maybeClose (internal/child_process.js:925:16)
14 verbose stack     at Process.ChildProcess._handle.onexit (internal/child_process.js:209:5)
15 verbose pkgid bigblue_web@1.0.0
16 verbose cwd /home/zwy/BaseTensorRT/4.8-TrtSever/web
17 error Linux 5.4.0-126-generic
18 error argv "/usr/bin/node" "/usr/bin/npm" "run" "build"
19 error node v8.10.0
20 error npm  v3.5.2
21 error code ELIFECYCLE
22 error bigblue_web@1.0.0 build: `node build/build.js`
22 error Exit status 1
23 error Failed at the bigblue_web@1.0.0 build script 'node build/build.js'.
23 error Make sure you have the latest version of node.js and npm installed.
23 error If you do, this is most likely a problem with the bigblue_web package,
23 error not with npm itself.
23 error Tell the author that this fails on your system:
23 error     node build/build.js
23 error You can get information on how to open an issue for this project with:
23 error     npm bugs bigblue_web
23 error Or if that isn't available, you can get their info via:
23 error     npm owner ls bigblue_web
23 error There is likely additional logging output above.
24 verbose exit [ 1, true ]
